<?xml version="1.0" encoding="UTF-8"?>
<!-- Generated by org.testng.reporters.JUnitXMLReporter -->
<testsuite hostname="LAPTOP-PE52CNM5" name="Command line test" tests="3" failures="0" timestamp="10 Dec 2021 16:40:28 GMT" time="112.351" errors="0">
  <testcase name="appTest" time="4.664" classname="com.hdfcTest.ApplicantsTest"/>
  <testcase name="basicInfo" time="7.241" classname="com.hdfcTest.BasicInformationTest"/>
  <testcase name="otpTest" time="6.631" classname="com.hdfcTest.OTPVerificationTest"/>
</testsuite> <!-- Command line test -->
