<?xml version="1.0" encoding="UTF-8"?>
<testng-results skipped="0" failed="0" ignored="0" total="1" passed="1">
  <reporter-output>
  </reporter-output>
  <suite name="Suite" duration-ms="47548" started-at="2021-11-03T19:48:02 IST" finished-at="2021-11-03T19:48:49 IST">
    <groups>
    </groups>
    <test name="Test" duration-ms="47548" started-at="2021-11-03T19:48:02 IST" finished-at="2021-11-03T19:48:49 IST">
      <class name="com.hdfcTest.OTPVerificationTest">
        <test-method status="PASS" signature="otpSetup()[pri:0, instance:com.hdfcTest.OTPVerificationTest@6acdbdf5]" name="otpSetup" is-config="true" duration-ms="27102" started-at="2021-11-03T19:48:02 IST" finished-at="2021-11-03T19:48:29 IST">
          <reporter-output>
          </reporter-output>
        </test-method> <!-- otpSetup -->
        <test-method status="PASS" signature="otpTest()[pri:0, instance:com.hdfcTest.OTPVerificationTest@6acdbdf5]" name="otpTest" duration-ms="18848" started-at="2021-11-03T19:48:29 IST" finished-at="2021-11-03T19:48:48 IST">
          <reporter-output>
          </reporter-output>
        </test-method> <!-- otpTest -->
        <test-method status="PASS" signature="tearDown()[pri:0, instance:com.hdfcTest.OTPVerificationTest@6acdbdf5]" name="tearDown" is-config="true" duration-ms="1434" started-at="2021-11-03T19:48:48 IST" finished-at="2021-11-03T19:48:49 IST">
          <reporter-output>
          </reporter-output>
        </test-method> <!-- tearDown -->
      </class> <!-- com.hdfcTest.OTPVerificationTest -->
    </test> <!-- Test -->
  </suite> <!-- Suite -->
</testng-results>
